<?xml version="1.0" encoding="UTF-8"?>
<!-- Generated by org.testng.reporters.JUnitReportReporter -->
<testsuite skipped="0" hostname="DESKTOP-O9GDD4D" name="com.clx.Test.LoginTest.LoginTest" tests="6" failures="0" timestamp="23 Jan 2019 09:46:05 GMT" time="7.392" errors="0">
  <testcase name="TC_01" time="1.449" classname="com.clx.Test.LoginTest.LoginTest"/>
  <testcase name="TC_01" time="1.160" classname="com.clx.Test.LoginTest.LoginTest"/>
  <testcase name="TC_01" time="1.045" classname="com.clx.Test.LoginTest.LoginTest"/>
  <testcase name="TC_01" time="1.208" classname="com.clx.Test.LoginTest.LoginTest"/>
  <testcase name="TC_01" time="1.280" classname="com.clx.Test.LoginTest.LoginTest"/>
  <testcase name="TC_01" time="1.250" classname="com.clx.Test.LoginTest.LoginTest"/>
</testsuite> <!-- com.clx.Test.LoginTest.LoginTest -->
