<?xml version="1.0" encoding="UTF-8"?>
<!-- Generated by org.testng.reporters.JUnitReportReporter -->
<testsuite skipped="0" hostname="Admin-PC" name="com.clx.Test.LoginTest.LoginTest" tests="6" failures="0" timestamp="02 Feb 2019 06:58:15 GMT" time="217.560" errors="0">
  <testcase name="TC_01" time="49.961" classname="com.clx.Test.LoginTest.LoginTest"/>
  <testcase name="TC_01" time="20.497" classname="com.clx.Test.LoginTest.LoginTest"/>
  <testcase name="TC_01" time="25.974" classname="com.clx.Test.LoginTest.LoginTest"/>
  <testcase name="TC_01" time="9.883" classname="com.clx.Test.LoginTest.LoginTest"/>
  <testcase name="TC_01" time="42.069" classname="com.clx.Test.LoginTest.LoginTest"/>
  <testcase name="TC_01" time="69.176" classname="com.clx.Test.LoginTest.LoginTest"/>
</testsuite> <!-- com.clx.Test.LoginTest.LoginTest -->
