<?xml version="1.0" encoding="UTF-8"?>
<!-- Generated by org.testng.reporters.JUnitReportReporter -->
<testsuite skipped="0" hostname="DESKTOP-O9GDD4D" name="com.clx.TestBase.TestBase" tests="1" failures="0" timestamp="09 Jan 2019 09:16:54 GMT" time="0.005" errors="0">
  <testcase name="TC" time="0.005" classname="com.clx.TestBase.TestBase"/>
</testsuite> <!-- com.clx.TestBase.TestBase -->
